# JRE version: OpenJDK Runtime Environment Temurin-21.0.9+10 (21.0.9+10) (build 21.0.9+10-LTS)
# Java VM: OpenJDK 64-Bit Server VM Temurin-21.0.9+10 (21.0.9+10-LTS, mixed mode, sharing, tiered, compressed oops, compressed class ptrs, parallel gc, windows-amd64)
GC Precious Log:
 CardTable entry size: 512
 CPUs: 6 total, 6 available
 Memory: 7541M
 Large Page Support: Disabled
 NUMA Support: Disabled
 Compressed Oops: Enabled (32-bit)
 Alignments: Space 512K, Generation 512K, Heap 2M
 Heap Min Capacity: 100M
 Heap Initial Capacity: 100M
 Heap Max Capacity: 2G
 Pre-touch: Disabled
 Parallel Workers: 6
Heap:
 PSYoungGen      total 8192K, used 6567K [0x00000000d5580000, 0x00000000d5f80000, 0x0000000100000000)
  eden space 6656K, 88% used [0x00000000d5580000,0x00000000d5b3def8,0x00000000d5c00000)
  from space 1536K, 44% used [0x00000000d5c00000,0x00000000d5cac010,0x00000000d5d80000)
  to   space 1024K, 0% used [0x00000000d5e80000,0x00000000d5e80000,0x00000000d5f80000)
 ParOldGen       total 1083904K, used 805770K [0x0000000080000000, 0x00000000c2280000, 0x00000000d5580000)
  object space 1083904K, 74% used [0x0000000080000000,0x00000000b12e2a38,0x00000000c2280000)
 Metaspace       used 89732K, committed 91456K, reserved 1179648K
  class space    used 9150K, committed 10048K, reserved 1048576K
GC Heap History (20 events):
Event: 12078.640 GC heap before
{Heap before GC invocations=1753 (full 5):
 PSYoungGen      total 4608K, used 4352K [0x00000000d5580000, 0x00000000d5b00000, 0x0000000100000000)
  eden space 4096K, 100% used [0x00000000d5580000,0x00000000d5980000,0x00000000d5980000)
  from space 512K, 50% used [0x00000000d5a00000,0x00000000d5a40000,0x00000000d5a80000)
  to   space 512K, 0% used [0x00000000d5a80000,0x00000000d5a80000,0x00000000d5b00000)
 ParOldGen       total 1083904K, used 799812K [0x0000000080000000, 0x00000000c2280000, 0x00000000d5580000)
  object space 1083904K, 73% used [0x0000000080000000,0x00000000b0d11308,0x00000000c2280000)
 Metaspace       used 89705K, committed 91456K, reserved 1179648K
  class space    used 9150K, committed 10048K, reserved 1048576K
}
Event: 12078.648 GC heap after
{Heap after GC invocations=1753 (full 5):
 PSYoungGen      total 4608K, used 512K [0x00000000d5580000, 0x00000000d5b80000, 0x0000000100000000)
  eden space 4096K, 0% used [0x00000000d5580000,0x00000000d5580000,0x00000000d5980000)
  from space 512K, 100% used [0x00000000d5a80000,0x00000000d5b00000,0x00000000d5b00000)
  to   space 1024K, 0% used [0x00000000d5980000,0x00000000d5980000,0x00000000d5a80000)
 ParOldGen       total 1083904K, used 800209K [0x0000000080000000, 0x00000000c2280000, 0x00000000d5580000)
  object space 1083904K, 73% used [0x0000000080000000,0x00000000b0d74500,0x00000000c2280000)
 Metaspace       used 89705K, committed 91456K, reserved 1179648K
  class space    used 9150K, committed 10048K, reserved 1048576K
}
Event: 12078.658 GC heap before
{Heap before GC invocations=1754 (full 5):
 PSYoungGen      total 4608K, used 4608K [0x00000000d5580000, 0x00000000d5b80000, 0x0000000100000000)
  eden space 4096K, 100% used [0x00000000d5580000,0x00000000d5980000,0x00000000d5980000)
  from space 512K, 100% used [0x00000000d5a80000,0x00000000d5b00000,0x00000000d5b00000)
  to   space 1024K, 0% used [0x00000000d5980000,0x00000000d5980000,0x00000000d5a80000)
 ParOldGen       total 1083904K, used 800209K [0x0000000080000000, 0x00000000c2280000, 0x00000000d5580000)
  object space 1083904K, 73% used [0x0000000080000000,0x00000000b0d74500,0x00000000c2280000)
 Metaspace       used 89708K, committed 91456K, reserved 1179648K
  class space    used 9150K, committed 10048K, reserved 1048576K
}
Event: 12078.665 GC heap after
{Heap after GC invocations=1754 (full 5):
 PSYoungGen      total 5120K, used 743K [0x00000000d5580000, 0x00000000d5c80000, 0x0000000100000000)
  eden space 4096K, 0% used [0x00000000d5580000,0x00000000d5580000,0x00000000d5980000)
  from space 1024K, 72% used [0x00000000d5980000,0x00000000d5a39e70,0x00000000d5a80000)
  to   space 1024K, 0% used [0x00000000d5b80000,0x00000000d5b80000,0x00000000d5c80000)
 ParOldGen       total 1083904K, used 800708K [0x0000000080000000, 0x00000000c2280000, 0x00000000d5580000)
  object space 1083904K, 73% used [0x0000000080000000,0x00000000b0df1368,0x00000000c2280000)
 Metaspace       used 89708K, committed 91456K, reserved 1179648K
  class space    used 9150K, committed 10048K, reserved 1048576K
}
Event: 12078.673 GC heap before
{Heap before GC invocations=1755 (full 5):
 PSYoungGen      total 5120K, used 4839K [0x00000000d5580000, 0x00000000d5c80000, 0x0000000100000000)
  eden space 4096K, 99% used [0x00000000d5580000,0x00000000d597ff98,0x00000000d5980000)
  from space 1024K, 72% used [0x00000000d5980000,0x00000000d5a39e70,0x00000000d5a80000)
  to   space 1024K, 0% used [0x00000000d5b80000,0x00000000d5b80000,0x00000000d5c80000)
 ParOldGen       total 1083904K, used 800708K [0x0000000080000000, 0x00000000c2280000, 0x00000000d5580000)
  object space 1083904K, 73% used [0x0000000080000000,0x00000000b0df1368,0x00000000c2280000)
 Metaspace       used 89708K, committed 91456K, reserved 1179648K
  class space    used 9150K, committed 10048K, reserved 1048576K
}
Event: 12078.679 GC heap after
{Heap after GC invocations=1755 (full 5):
 PSYoungGen      total 6144K, used 432K [0x00000000d5580000, 0x00000000d5c80000, 0x0000000100000000)
  eden space 5120K, 0% used [0x00000000d5580000,0x00000000d5580000,0x00000000d5a80000)
  from space 1024K, 42% used [0x00000000d5b80000,0x00000000d5bec010,0x00000000d5c80000)
  to   space 1024K, 0% used [0x00000000d5a80000,0x00000000d5a80000,0x00000000d5b80000)
 ParOldGen       total 1083904K, used 801319K [0x0000000080000000, 0x00000000c2280000, 0x00000000d5580000)
  object space 1083904K, 73% used [0x0000000080000000,0x00000000b0e89e58,0x00000000c2280000)
 Metaspace       used 89708K, committed 91456K, reserved 1179648K
  class space    used 9150K, committed 10048K, reserved 1048576K
}
Event: 12078.697 GC heap before
{Heap before GC invocations=1756 (full 5):
 PSYoungGen      total 6144K, used 5552K [0x00000000d5580000, 0x00000000d5c80000, 0x0000000100000000)
  eden space 5120K, 100% used [0x00000000d5580000,0x00000000d5a80000,0x00000000d5a80000)
  from space 1024K, 42% used [0x00000000d5b80000,0x00000000d5bec010,0x00000000d5c80000)
  to   space 1024K, 0% used [0x00000000d5a80000,0x00000000d5a80000,0x00000000d5b80000)
 ParOldGen       total 1083904K, used 801319K [0x0000000080000000, 0x00000000c2280000, 0x00000000d5580000)
  object space 1083904K, 73% used [0x0000000080000000,0x00000000b0e89e58,0x00000000c2280000)
 Metaspace       used 89709K, committed 91456K, reserved 1179648K
  class space    used 9150K, committed 10048K, reserved 1048576K
}
Event: 12078.701 GC heap after
{Heap after GC invocations=1756 (full 5):
 PSYoungGen      total 6144K, used 576K [0x00000000d5580000, 0x00000000d5d80000, 0x0000000100000000)
  eden space 5120K, 0% used [0x00000000d5580000,0x00000000d5580000,0x00000000d5a80000)
  from space 1024K, 56% used [0x00000000d5a80000,0x00000000d5b10000,0x00000000d5b80000)
  to   space 1024K, 0% used [0x00000000d5c80000,0x00000000d5c80000,0x00000000d5d80000)
 ParOldGen       total 1083904K, used 801675K [0x0000000080000000, 0x00000000c2280000, 0x00000000d5580000)
  object space 1083904K, 73% used [0x0000000080000000,0x00000000b0ee2e88,0x00000000c2280000)
 Metaspace       used 89709K, committed 91456K, reserved 1179648K
  class space    used 9150K, committed 10048K, reserved 1048576K
}
Event: 12078.719 GC heap before
{Heap before GC invocations=1757 (full 5):
 PSYoungGen      total 6144K, used 5695K [0x00000000d5580000, 0x00000000d5d80000, 0x0000000100000000)
  eden space 5120K, 99% used [0x00000000d5580000,0x00000000d5a7ffb8,0x00000000d5a80000)
  from space 1024K, 56% used [0x00000000d5a80000,0x00000000d5b10000,0x00000000d5b80000)
  to   space 1024K, 0% used [0x00000000d5c80000,0x00000000d5c80000,0x00000000d5d80000)
 ParOldGen       total 1083904K, used 801675K [0x0000000080000000, 0x00000000c2280000, 0x00000000d5580000)
  object space 1083904K, 73% used [0x0000000080000000,0x00000000b0ee2e88,0x00000000c2280000)
 Metaspace       used 89709K, committed 91456K, reserved 1179648K
  class space    used 9150K, committed 10048K, reserved 1048576K
}
Event: 12078.723 GC heap after
{Heap after GC invocations=1757 (full 5):
 PSYoungGen      total 6656K, used 964K [0x00000000d5580000, 0x00000000d5e80000, 0x0000000100000000)
  eden space 5632K, 0% used [0x00000000d5580000,0x00000000d5580000,0x00000000d5b00000)
  from space 1024K, 94% used [0x00000000d5c80000,0x00000000d5d71230,0x00000000d5d80000)
  to   space 1536K, 0% used [0x00000000d5b00000,0x00000000d5b00000,0x00000000d5c80000)
 ParOldGen       total 1083904K, used 802147K [0x0000000080000000, 0x00000000c2280000, 0x00000000d5580000)
  object space 1083904K, 74% used [0x0000000080000000,0x00000000b0f58f38,0x00000000c2280000)
 Metaspace       used 89709K, committed 91456K, reserved 1179648K
  class space    used 9150K, committed 10048K, reserved 1048576K
}
Event: 12078.737 GC heap before
{Heap before GC invocations=1758 (full 5):
 PSYoungGen      total 6656K, used 6596K [0x00000000d5580000, 0x00000000d5e80000, 0x0000000100000000)
  eden space 5632K, 100% used [0x00000000d5580000,0x00000000d5b00000,0x00000000d5b00000)
  from space 1024K, 94% used [0x00000000d5c80000,0x00000000d5d71230,0x00000000d5d80000)
  to   space 1536K, 0% used [0x00000000d5b00000,0x00000000d5b00000,0x00000000d5c80000)
 ParOldGen       total 1083904K, used 802147K [0x0000000080000000, 0x00000000c2280000, 0x00000000d5580000)
  object space 1083904K, 74% used [0x0000000080000000,0x00000000b0f58f38,0x00000000c2280000)
 Metaspace       used 89709K, committed 91456K, reserved 1179648K
  class space    used 9150K, committed 10048K, reserved 1048576K
}
Event: 12078.743 GC heap after
{Heap after GC invocations=1758 (full 5):
 PSYoungGen      total 7168K, used 512K [0x00000000d5580000, 0x00000000d5e80000, 0x0000000100000000)
  eden space 5632K, 0% used [0x00000000d5580000,0x00000000d5580000,0x00000000d5b00000)
  from space 1536K, 33% used [0x00000000d5b00000,0x00000000d5b80000,0x00000000d5c80000)
  to   space 1024K, 0% used [0x00000000d5d80000,0x00000000d5d80000,0x00000000d5e80000)
 ParOldGen       total 1083904K, used 803016K [0x0000000080000000, 0x00000000c2280000, 0x00000000d5580000)
  object space 1083904K, 74% used [0x0000000080000000,0x00000000b1032068,0x00000000c2280000)
 Metaspace       used 89709K, committed 91456K, reserved 1179648K
  class space    used 9150K, committed 10048K, reserved 1048576K
}
Event: 12079.280 GC heap before
{Heap before GC invocations=1759 (full 5):
 PSYoungGen      total 7168K, used 6143K [0x00000000d5580000, 0x00000000d5e80000, 0x0000000100000000)
  eden space 5632K, 99% used [0x00000000d5580000,0x00000000d5afffb0,0x00000000d5b00000)
  from space 1536K, 33% used [0x00000000d5b00000,0x00000000d5b80000,0x00000000d5c80000)
  to   space 1024K, 0% used [0x00000000d5d80000,0x00000000d5d80000,0x00000000d5e80000)
 ParOldGen       total 1083904K, used 803016K [0x0000000080000000, 0x00000000c2280000, 0x00000000d5580000)
  object space 1083904K, 74% used [0x0000000080000000,0x00000000b1032068,0x00000000c2280000)
 Metaspace       used 89726K, committed 91456K, reserved 1179648K
  class space    used 9150K, committed 10048K, reserved 1048576K
}
Event: 12079.285 GC heap after
{Heap after GC invocations=1759 (full 5):
 PSYoungGen      total 6656K, used 714K [0x00000000d5580000, 0x00000000d5e80000, 0x0000000100000000)
  eden space 5632K, 0% used [0x00000000d5580000,0x00000000d5580000,0x00000000d5b00000)
  from space 1024K, 69% used [0x00000000d5d80000,0x00000000d5e32910,0x00000000d5e80000)
  to   space 1024K, 0% used [0x00000000d5c80000,0x00000000d5c80000,0x00000000d5d80000)
 ParOldGen       total 1083904K, used 803436K [0x0000000080000000, 0x00000000c2280000, 0x00000000d5580000)
  object space 1083904K, 74% used [0x0000000080000000,0x00000000b109b098,0x00000000c2280000)
 Metaspace       used 89726K, committed 91456K, reserved 1179648K
  class space    used 9150K, committed 10048K, reserved 1048576K
}
Event: 12079.295 GC heap before
{Heap before GC invocations=1760 (full 5):
 PSYoungGen      total 6656K, used 6346K [0x00000000d5580000, 0x00000000d5e80000, 0x0000000100000000)
  eden space 5632K, 100% used [0x00000000d5580000,0x00000000d5b00000,0x00000000d5b00000)
  from space 1024K, 69% used [0x00000000d5d80000,0x00000000d5e32910,0x00000000d5e80000)
  to   space 1024K, 0% used [0x00000000d5c80000,0x00000000d5c80000,0x00000000d5d80000)
 ParOldGen       total 1083904K, used 803436K [0x0000000080000000, 0x00000000c2280000, 0x00000000d5580000)
  object space 1083904K, 74% used [0x0000000080000000,0x00000000b109b098,0x00000000c2280000)
 Metaspace       used 89726K, committed 91456K, reserved 1179648K
  class space    used 9150K, committed 10048K, reserved 1048576K
}
Event: 12079.301 GC heap after
{Heap after GC invocations=1760 (full 5):
 PSYoungGen      total 8192K, used 771K [0x00000000d5580000, 0x00000000d5e80000, 0x0000000100000000)
  eden space 7168K, 0% used [0x00000000d5580000,0x00000000d5580000,0x00000000d5c80000)
  from space 1024K, 75% used [0x00000000d5c80000,0x00000000d5d40c80,0x00000000d5d80000)
  to   space 1024K, 0% used [0x00000000d5d80000,0x00000000d5d80000,0x00000000d5e80000)
 ParOldGen       total 1083904K, used 804090K [0x0000000080000000, 0x00000000c2280000, 0x00000000d5580000)
  object space 1083904K, 74% used [0x0000000080000000,0x00000000b113ebd8,0x00000000c2280000)
 Metaspace       used 89726K, committed 91456K, reserved 1179648K
  class space    used 9150K, committed 10048K, reserved 1048576K
}
Event: 12079.327 GC heap before
{Heap before GC invocations=1761 (full 5):
 PSYoungGen      total 8192K, used 7939K [0x00000000d5580000, 0x00000000d5e80000, 0x0000000100000000)
  eden space 7168K, 100% used [0x00000000d5580000,0x00000000d5c80000,0x00000000d5c80000)
  from space 1024K, 75% used [0x00000000d5c80000,0x00000000d5d40c80,0x00000000d5d80000)
  to   space 1024K, 0% used [0x00000000d5d80000,0x00000000d5d80000,0x00000000d5e80000)
 ParOldGen       total 1083904K, used 804090K [0x0000000080000000, 0x00000000c2280000, 0x00000000d5580000)
  object space 1083904K, 74% used [0x0000000080000000,0x00000000b113ebd8,0x00000000c2280000)
 Metaspace       used 89728K, committed 91456K, reserved 1179648K
  class space    used 9150K, committed 10048K, reserved 1048576K
}
Event: 12079.333 GC heap after
{Heap after GC invocations=1761 (full 5):
 PSYoungGen      total 7680K, used 1021K [0x00000000d5580000, 0x00000000d6100000, 0x0000000100000000)
  eden space 6656K, 0% used [0x00000000d5580000,0x00000000d5580000,0x00000000d5c00000)
  from space 1024K, 99% used [0x00000000d5d80000,0x00000000d5e7f580,0x00000000d5e80000)
  to   space 1536K, 0% used [0x00000000d5c00000,0x00000000d5c00000,0x00000000d5d80000)
 ParOldGen       total 1083904K, used 804818K [0x0000000080000000, 0x00000000c2280000, 0x00000000d5580000)
  object space 1083904K, 74% used [0x0000000080000000,0x00000000b11f4878,0x00000000c2280000)
 Metaspace       used 89728K, committed 91456K, reserved 1179648K
  class space    used 9150K, committed 10048K, reserved 1048576K
}
Event: 12079.359 GC heap before
{Heap before GC invocations=1762 (full 5):
 PSYoungGen      total 7680K, used 7677K [0x00000000d5580000, 0x00000000d6100000, 0x0000000100000000)
  eden space 6656K, 100% used [0x00000000d5580000,0x00000000d5c00000,0x00000000d5c00000)
  from space 1024K, 99% used [0x00000000d5d80000,0x00000000d5e7f580,0x00000000d5e80000)
  to   space 1536K, 0% used [0x00000000d5c00000,0x00000000d5c00000,0x00000000d5d80000)
 ParOldGen       total 1083904K, used 804818K [0x0000000080000000, 0x00000000c2280000, 0x00000000d5580000)
  object space 1083904K, 74% used [0x0000000080000000,0x00000000b11f4878,0x00000000c2280000)
 Metaspace       used 89728K, committed 91456K, reserved 1179648K
  class space    used 9150K, committed 10048K, reserved 1048576K
}
Event: 12079.366 GC heap after
{Heap after GC invocations=1762 (full 5):
 PSYoungGen      total 8192K, used 688K [0x00000000d5580000, 0x00000000d5f80000, 0x0000000100000000)
  eden space 6656K, 0% used [0x00000000d5580000,0x00000000d5580000,0x00000000d5c00000)
  from space 1536K, 44% used [0x00000000d5c00000,0x00000000d5cac010,0x00000000d5d80000)
  to   space 1024K, 0% used [0x00000000d5e80000,0x00000000d5e80000,0x00000000d5f80000)
 ParOldGen       total 1083904K, used 805770K [0x0000000080000000, 0x00000000c2280000, 0x00000000d5580000)
  object space 1083904K, 74% used [0x0000000080000000,0x00000000b12e2a38,0x00000000c2280000)
 Metaspace       used 89728K, committed 91456K, reserved 1179648K
  class space    used 9150K, committed 10048K, reserved 1048576K
}

